<?xml version="1.0" encoding="UTF-8"?>
<testsuite name="spaceship.SmartCsvReaderTest" tests="1" skipped="0" failures="0" errors="0" timestamp="2019-07-24T19:30:41" hostname="mmni-Lenovo-Z710" time="0.862">
  <properties/>
  <testcase name="readCsvFile" classname="spaceship.SmartCsvReaderTest" time="0.862"/>
  <system-out><![CDATA[21:30:42.159 [pool-1-thread-4] DEBUG org.apache.commons.beanutils.converters.BooleanConverter - Setting default value: false
21:30:42.165 [pool-1-thread-4] DEBUG org.apache.commons.beanutils.converters.BooleanConverter - Converting 'Boolean' value 'false' to type 'Boolean'
21:30:42.166 [pool-1-thread-4] DEBUG org.apache.commons.beanutils.converters.BooleanConverter -     No conversion required, value is already a Boolean
21:30:42.167 [pool-1-thread-4] DEBUG org.apache.commons.beanutils.converters.ByteConverter - Setting default value: 0
21:30:42.168 [pool-1-thread-4] DEBUG org.apache.commons.beanutils.converters.ByteConverter - Converting 'Integer' value '0' to type 'Byte'
21:30:42.169 [pool-1-thread-4] DEBUG org.apache.commons.beanutils.converters.ByteConverter -     Converted to Byte value '0'
21:30:42.169 [pool-1-thread-4] DEBUG org.apache.commons.beanutils.converters.CharacterConverter - Setting default value:  
21:30:42.170 [pool-1-thread-4] DEBUG org.apache.commons.beanutils.converters.CharacterConverter - Converting 'Character' value ' ' to type 'Character'
21:30:42.170 [pool-1-thread-4] DEBUG org.apache.commons.beanutils.converters.CharacterConverter -     No conversion required, value is already a Character
21:30:42.171 [pool-1-thread-4] DEBUG org.apache.commons.beanutils.converters.DoubleConverter - Setting default value: 0
21:30:42.171 [pool-1-thread-4] DEBUG org.apache.commons.beanutils.converters.DoubleConverter - Converting 'Integer' value '0' to type 'Double'
21:30:42.172 [pool-1-thread-4] DEBUG org.apache.commons.beanutils.converters.DoubleConverter -     Converted to Double value '0.0'
21:30:42.173 [pool-1-thread-4] DEBUG org.apache.commons.beanutils.converters.FloatConverter - Setting default value: 0
21:30:42.174 [pool-1-thread-4] DEBUG org.apache.commons.beanutils.converters.FloatConverter - Converting 'Integer' value '0' to type 'Float'
21:30:42.175 [pool-1-thread-4] DEBUG org.apache.commons.beanutils.converters.FloatConverter -     Converted to Float value '0.0'
21:30:42.175 [pool-1-thread-4] DEBUG org.apache.commons.beanutils.converters.IntegerConverter - Setting default value: 0
21:30:42.176 [pool-1-thread-4] DEBUG org.apache.commons.beanutils.converters.IntegerConverter - Converting 'Integer' value '0' to type 'Integer'
21:30:42.177 [pool-1-thread-4] DEBUG org.apache.commons.beanutils.converters.IntegerConverter -     No conversion required, value is already a Integer
21:30:42.178 [pool-1-thread-4] DEBUG org.apache.commons.beanutils.converters.LongConverter - Setting default value: 0
21:30:42.179 [pool-1-thread-4] DEBUG org.apache.commons.beanutils.converters.LongConverter - Converting 'Integer' value '0' to type 'Long'
21:30:42.180 [pool-1-thread-4] DEBUG org.apache.commons.beanutils.converters.LongConverter -     Converted to Long value '0'
21:30:42.180 [pool-1-thread-4] DEBUG org.apache.commons.beanutils.converters.ShortConverter - Setting default value: 0
21:30:42.181 [pool-1-thread-4] DEBUG org.apache.commons.beanutils.converters.ShortConverter - Converting 'Integer' value '0' to type 'Short'
21:30:42.181 [pool-1-thread-4] DEBUG org.apache.commons.beanutils.converters.ShortConverter -     Converted to Short value '0'
21:30:42.182 [pool-1-thread-4] DEBUG org.apache.commons.beanutils.converters.BigDecimalConverter - Setting default value: 0.0
21:30:42.182 [pool-1-thread-4] DEBUG org.apache.commons.beanutils.converters.BigDecimalConverter - Converting 'BigDecimal' value '0.0' to type 'BigDecimal'
21:30:42.183 [pool-1-thread-4] DEBUG org.apache.commons.beanutils.converters.BigDecimalConverter -     No conversion required, value is already a BigDecimal
21:30:42.183 [pool-1-thread-4] DEBUG org.apache.commons.beanutils.converters.BigIntegerConverter - Setting default value: 0
21:30:42.183 [pool-1-thread-4] DEBUG org.apache.commons.beanutils.converters.BigIntegerConverter - Converting 'BigInteger' value '0' to type 'BigInteger'
21:30:42.184 [pool-1-thread-4] DEBUG org.apache.commons.beanutils.converters.BigIntegerConverter -     No conversion required, value is already a BigInteger
21:30:42.184 [pool-1-thread-4] DEBUG org.apache.commons.beanutils.converters.BooleanConverter - Setting default value: false
21:30:42.184 [pool-1-thread-4] DEBUG org.apache.commons.beanutils.converters.BooleanConverter - Converting 'Boolean' value 'false' to type 'Boolean'
21:30:42.185 [pool-1-thread-4] DEBUG org.apache.commons.beanutils.converters.BooleanConverter -     No conversion required, value is already a Boolean
21:30:42.185 [pool-1-thread-4] DEBUG org.apache.commons.beanutils.converters.ByteConverter - Setting default value: 0
21:30:42.185 [pool-1-thread-4] DEBUG org.apache.commons.beanutils.converters.ByteConverter - Converting 'Integer' value '0' to type 'Byte'
21:30:42.186 [pool-1-thread-4] DEBUG org.apache.commons.beanutils.converters.ByteConverter -     Converted to Byte value '0'
21:30:42.186 [pool-1-thread-4] DEBUG org.apache.commons.beanutils.converters.CharacterConverter - Setting default value:  
21:30:42.186 [pool-1-thread-4] DEBUG org.apache.commons.beanutils.converters.CharacterConverter - Converting 'Character' value ' ' to type 'Character'
21:30:42.187 [pool-1-thread-4] DEBUG org.apache.commons.beanutils.converters.CharacterConverter -     No conversion required, value is already a Character
21:30:42.187 [pool-1-thread-4] DEBUG org.apache.commons.beanutils.converters.DoubleConverter - Setting default value: 0
21:30:42.195 [pool-1-thread-4] DEBUG org.apache.commons.beanutils.converters.DoubleConverter - Converting 'Integer' value '0' to type 'Double'
21:30:42.196 [pool-1-thread-4] DEBUG org.apache.commons.beanutils.converters.DoubleConverter -     Converted to Double value '0.0'
21:30:42.196 [pool-1-thread-4] DEBUG org.apache.commons.beanutils.converters.FloatConverter - Setting default value: 0
21:30:42.197 [pool-1-thread-4] DEBUG org.apache.commons.beanutils.converters.FloatConverter - Converting 'Integer' value '0' to type 'Float'
21:30:42.197 [pool-1-thread-4] DEBUG org.apache.commons.beanutils.converters.FloatConverter -     Converted to Float value '0.0'
21:30:42.197 [pool-1-thread-4] DEBUG org.apache.commons.beanutils.converters.IntegerConverter - Setting default value: 0
21:30:42.197 [pool-1-thread-4] DEBUG org.apache.commons.beanutils.converters.IntegerConverter - Converting 'Integer' value '0' to type 'Integer'
21:30:42.198 [pool-1-thread-4] DEBUG org.apache.commons.beanutils.converters.IntegerConverter -     No conversion required, value is already a Integer
21:30:42.198 [pool-1-thread-4] DEBUG org.apache.commons.beanutils.converters.LongConverter - Setting default value: 0
21:30:42.198 [pool-1-thread-4] DEBUG org.apache.commons.beanutils.converters.LongConverter - Converting 'Integer' value '0' to type 'Long'
21:30:42.198 [pool-1-thread-4] DEBUG org.apache.commons.beanutils.converters.LongConverter -     Converted to Long value '0'
21:30:42.199 [pool-1-thread-4] DEBUG org.apache.commons.beanutils.converters.ShortConverter - Setting default value: 0
21:30:42.199 [pool-1-thread-4] DEBUG org.apache.commons.beanutils.converters.ShortConverter - Converting 'Integer' value '0' to type 'Short'
21:30:42.199 [pool-1-thread-4] DEBUG org.apache.commons.beanutils.converters.ShortConverter -     Converted to Short value '0'
21:30:42.199 [pool-1-thread-4] DEBUG org.apache.commons.beanutils.converters.StringConverter - Setting default value: 
21:30:42.200 [pool-1-thread-4] DEBUG org.apache.commons.beanutils.converters.StringConverter - Converting 'String' value '' to type 'String'
21:30:42.200 [pool-1-thread-4] DEBUG org.apache.commons.beanutils.converters.ArrayConverter - Setting default value: [Z@37ec4be
21:30:42.201 [pool-1-thread-4] DEBUG org.apache.commons.beanutils.converters.ArrayConverter - Converting 'boolean[]' value '[Z@37ec4be' to type 'boolean[]'
21:30:42.201 [pool-1-thread-4] DEBUG org.apache.commons.beanutils.converters.ArrayConverter -     No conversion required, value is already a boolean[]
21:30:42.202 [pool-1-thread-4] DEBUG org.apache.commons.beanutils.converters.ArrayConverter - Setting default value: [B@4bb248e6
21:30:42.202 [pool-1-thread-4] DEBUG org.apache.commons.beanutils.converters.ArrayConverter - Converting 'byte[]' value '[B@4bb248e6' to type 'byte[]'
21:30:42.203 [pool-1-thread-4] DEBUG org.apache.commons.beanutils.converters.ArrayConverter -     No conversion required, value is already a byte[]
21:30:42.203 [pool-1-thread-4] DEBUG org.apache.commons.beanutils.converters.ArrayConverter - Setting default value: [C@754fd89e
21:30:42.204 [pool-1-thread-4] DEBUG org.apache.commons.beanutils.converters.ArrayConverter - Converting 'char[]' value '[C@754fd89e' to type 'char[]'
21:30:42.204 [pool-1-thread-4] DEBUG org.apache.commons.beanutils.converters.ArrayConverter -     No conversion required, value is already a char[]
21:30:42.204 [pool-1-thread-4] DEBUG org.apache.commons.beanutils.converters.ArrayConverter - Setting default value: [D@7ec30ff9
21:30:42.205 [pool-1-thread-4] DEBUG org.apache.commons.beanutils.converters.ArrayConverter - Converting 'double[]' value '[D@7ec30ff9' to type 'double[]'
21:30:42.205 [pool-1-thread-4] DEBUG org.apache.commons.beanutils.converters.ArrayConverter -     No conversion required, value is already a double[]
21:30:42.206 [pool-1-thread-4] DEBUG org.apache.commons.beanutils.converters.ArrayConverter - Setting default value: [F@b6d7fab
21:30:42.206 [pool-1-thread-4] DEBUG org.apache.commons.beanutils.converters.ArrayConverter - Converting 'float[]' value '[F@b6d7fab' to type 'float[]'
21:30:42.206 [pool-1-thread-4] DEBUG org.apache.commons.beanutils.converters.ArrayConverter -     No conversion required, value is already a float[]
21:30:42.206 [pool-1-thread-4] DEBUG org.apache.commons.beanutils.converters.ArrayConverter - Setting default value: [I@52c1f358
21:30:42.207 [pool-1-thread-4] DEBUG org.apache.commons.beanutils.converters.ArrayConverter - Converting 'int[]' value '[I@52c1f358' to type 'int[]'
21:30:42.207 [pool-1-thread-4] DEBUG org.apache.commons.beanutils.converters.ArrayConverter -     No conversion required, value is already a int[]
21:30:42.207 [pool-1-thread-4] DEBUG org.apache.commons.beanutils.converters.ArrayConverter - Setting default value: [J@59415ab6
21:30:42.208 [pool-1-thread-4] DEBUG org.apache.commons.beanutils.converters.ArrayConverter - Converting 'long[]' value '[J@59415ab6' to type 'long[]'
21:30:42.208 [pool-1-thread-4] DEBUG org.apache.commons.beanutils.converters.ArrayConverter -     No conversion required, value is already a long[]
21:30:42.209 [pool-1-thread-4] DEBUG org.apache.commons.beanutils.converters.ArrayConverter - Setting default value: [S@3f1b2aa0
21:30:42.209 [pool-1-thread-4] DEBUG org.apache.commons.beanutils.converters.ArrayConverter - Converting 'short[]' value '[S@3f1b2aa0' to type 'short[]'
21:30:42.209 [pool-1-thread-4] DEBUG org.apache.commons.beanutils.converters.ArrayConverter -     No conversion required, value is already a short[]
21:30:42.210 [pool-1-thread-4] DEBUG org.apache.commons.beanutils.converters.ArrayConverter - Setting default value: [Ljava.math.BigDecimal;@5feb8acf
21:30:42.210 [pool-1-thread-4] DEBUG org.apache.commons.beanutils.converters.ArrayConverter - Converting 'BigDecimal[]' value '[Ljava.math.BigDecimal;@5feb8acf' to type 'BigDecimal[]'
21:30:42.210 [pool-1-thread-4] DEBUG org.apache.commons.beanutils.converters.ArrayConverter -     No conversion required, value is already a BigDecimal[]
21:30:42.211 [pool-1-thread-4] DEBUG org.apache.commons.beanutils.converters.ArrayConverter - Setting default value: [Ljava.math.BigInteger;@2edf959
21:30:42.211 [pool-1-thread-4] DEBUG org.apache.commons.beanutils.converters.ArrayConverter - Converting 'BigInteger[]' value '[Ljava.math.BigInteger;@2edf959' to type 'BigInteger[]'
21:30:42.211 [pool-1-thread-4] DEBUG org.apache.commons.beanutils.converters.ArrayConverter -     No conversion required, value is already a BigInteger[]
21:30:42.212 [pool-1-thread-4] DEBUG org.apache.commons.beanutils.converters.ArrayConverter - Setting default value: [Ljava.lang.Boolean;@512a9758
21:30:42.212 [pool-1-thread-4] DEBUG org.apache.commons.beanutils.converters.ArrayConverter - Converting 'Boolean[]' value '[Ljava.lang.Boolean;@512a9758' to type 'Boolean[]'
21:30:42.212 [pool-1-thread-4] DEBUG org.apache.commons.beanutils.converters.ArrayConverter -     No conversion required, value is already a Boolean[]
21:30:42.213 [pool-1-thread-4] DEBUG org.apache.commons.beanutils.converters.ArrayConverter - Setting default value: [Ljava.lang.Byte;@3702e9f7
21:30:42.215 [pool-1-thread-4] DEBUG org.apache.commons.beanutils.converters.ArrayConverter - Converting 'Byte[]' value '[Ljava.lang.Byte;@3702e9f7' to type 'Byte[]'
21:30:42.218 [pool-1-thread-4] DEBUG org.apache.commons.beanutils.converters.ArrayConverter -     No conversion required, value is already a Byte[]
21:30:42.218 [pool-1-thread-4] DEBUG org.apache.commons.beanutils.converters.ArrayConverter - Setting default value: [Ljava.lang.Character;@343cb02a
21:30:42.219 [pool-1-thread-4] DEBUG org.apache.commons.beanutils.converters.ArrayConverter - Converting 'Character[]' value '[Ljava.lang.Character;@343cb02a' to type 'Character[]'
21:30:42.219 [pool-1-thread-4] DEBUG org.apache.commons.beanutils.converters.ArrayConverter -     No conversion required, value is already a Character[]
21:30:42.219 [pool-1-thread-4] DEBUG org.apache.commons.beanutils.converters.ArrayConverter - Setting default value: [Ljava.lang.Double;@59f6a0c5
21:30:42.220 [pool-1-thread-4] DEBUG org.apache.commons.beanutils.converters.ArrayConverter - Converting 'Double[]' value '[Ljava.lang.Double;@59f6a0c5' to type 'Double[]'
21:30:42.220 [pool-1-thread-4] DEBUG org.apache.commons.beanutils.converters.ArrayConverter -     No conversion required, value is already a Double[]
21:30:42.221 [pool-1-thread-4] DEBUG org.apache.commons.beanutils.converters.ArrayConverter - Setting default value: [Ljava.lang.Float;@5ce37cf4
21:30:42.221 [pool-1-thread-4] DEBUG org.apache.commons.beanutils.converters.ArrayConverter - Converting 'Float[]' value '[Ljava.lang.Float;@5ce37cf4' to type 'Float[]'
21:30:42.221 [pool-1-thread-4] DEBUG org.apache.commons.beanutils.converters.ArrayConverter -     No conversion required, value is already a Float[]
21:30:42.222 [pool-1-thread-4] DEBUG org.apache.commons.beanutils.converters.ArrayConverter - Setting default value: [Ljava.lang.Integer;@7c0e6bce
21:30:42.222 [pool-1-thread-4] DEBUG org.apache.commons.beanutils.converters.ArrayConverter - Converting 'Integer[]' value '[Ljava.lang.Integer;@7c0e6bce' to type 'Integer[]'
21:30:42.222 [pool-1-thread-4] DEBUG org.apache.commons.beanutils.converters.ArrayConverter -     No conversion required, value is already a Integer[]
21:30:42.223 [pool-1-thread-4] DEBUG org.apache.commons.beanutils.converters.ArrayConverter - Setting default value: [Ljava.lang.Long;@2d622985
21:30:42.223 [pool-1-thread-4] DEBUG org.apache.commons.beanutils.converters.ArrayConverter - Converting 'Long[]' value '[Ljava.lang.Long;@2d622985' to type 'Long[]'
21:30:42.223 [pool-1-thread-4] DEBUG org.apache.commons.beanutils.converters.ArrayConverter -     No conversion required, value is already a Long[]
21:30:42.224 [pool-1-thread-4] DEBUG org.apache.commons.beanutils.converters.ArrayConverter - Setting default value: [Ljava.lang.Short;@41fe5464
21:30:42.224 [pool-1-thread-4] DEBUG org.apache.commons.beanutils.converters.ArrayConverter - Converting 'Short[]' value '[Ljava.lang.Short;@41fe5464' to type 'Short[]'
21:30:42.224 [pool-1-thread-4] DEBUG org.apache.commons.beanutils.converters.ArrayConverter -     No conversion required, value is already a Short[]
21:30:42.224 [pool-1-thread-4] DEBUG org.apache.commons.beanutils.converters.ArrayConverter - Setting default value: [Ljava.lang.String;@6bd8473
21:30:42.225 [pool-1-thread-4] DEBUG org.apache.commons.beanutils.converters.ArrayConverter - Converting 'String[]' value '[Ljava.lang.String;@6bd8473' to type 'String[]'
21:30:42.225 [pool-1-thread-4] DEBUG org.apache.commons.beanutils.converters.ArrayConverter -     No conversion required, value is already a String[]
21:30:42.226 [pool-1-thread-4] DEBUG org.apache.commons.beanutils.converters.ArrayConverter - Setting default value: [Ljava.lang.Class;@962cf71
21:30:42.226 [pool-1-thread-4] DEBUG org.apache.commons.beanutils.converters.ArrayConverter - Converting 'Class[]' value '[Ljava.lang.Class;@962cf71' to type 'Class[]'
21:30:42.227 [pool-1-thread-4] DEBUG org.apache.commons.beanutils.converters.ArrayConverter -     No conversion required, value is already a Class[]
21:30:42.227 [pool-1-thread-4] DEBUG org.apache.commons.beanutils.converters.ArrayConverter - Setting default value: [Ljava.util.Date;@3570f1d9
21:30:42.227 [pool-1-thread-4] DEBUG org.apache.commons.beanutils.converters.ArrayConverter - Converting 'Date[]' value '[Ljava.util.Date;@3570f1d9' to type 'Date[]'
21:30:42.227 [pool-1-thread-4] DEBUG org.apache.commons.beanutils.converters.ArrayConverter -     No conversion required, value is already a Date[]
21:30:42.228 [pool-1-thread-4] DEBUG org.apache.commons.beanutils.converters.ArrayConverter - Setting default value: [Ljava.util.Calendar;@69ece67
21:30:42.228 [pool-1-thread-4] DEBUG org.apache.commons.beanutils.converters.ArrayConverter - Converting 'Calendar[]' value '[Ljava.util.Calendar;@69ece67' to type 'Calendar[]'
21:30:42.228 [pool-1-thread-4] DEBUG org.apache.commons.beanutils.converters.ArrayConverter -     No conversion required, value is already a Calendar[]
21:30:42.229 [pool-1-thread-4] DEBUG org.apache.commons.beanutils.converters.ArrayConverter - Setting default value: [Ljava.io.File;@6cea4cdb
21:30:42.229 [pool-1-thread-4] DEBUG org.apache.commons.beanutils.converters.ArrayConverter - Converting 'java.io.File[]' value '[Ljava.io.File;@6cea4cdb' to type 'java.io.File[]'
21:30:42.230 [pool-1-thread-4] DEBUG org.apache.commons.beanutils.converters.ArrayConverter -     No conversion required, value is already a java.io.File[]
21:30:42.230 [pool-1-thread-4] DEBUG org.apache.commons.beanutils.converters.ArrayConverter - Setting default value: [Ljava.sql.Date;@736c0f70
21:30:42.230 [pool-1-thread-4] DEBUG org.apache.commons.beanutils.converters.ArrayConverter - Converting 'java.sql.Date[]' value '[Ljava.sql.Date;@736c0f70' to type 'java.sql.Date[]'
21:30:42.230 [pool-1-thread-4] DEBUG org.apache.commons.beanutils.converters.ArrayConverter -     No conversion required, value is already a java.sql.Date[]
21:30:42.231 [pool-1-thread-4] DEBUG org.apache.commons.beanutils.converters.ArrayConverter - Setting default value: [Ljava.sql.Time;@41a0c6fd
21:30:42.231 [pool-1-thread-4] DEBUG org.apache.commons.beanutils.converters.ArrayConverter - Converting 'java.sql.Time[]' value '[Ljava.sql.Time;@41a0c6fd' to type 'java.sql.Time[]'
21:30:42.231 [pool-1-thread-4] DEBUG org.apache.commons.beanutils.converters.ArrayConverter -     No conversion required, value is already a java.sql.Time[]
21:30:42.232 [pool-1-thread-4] DEBUG org.apache.commons.beanutils.converters.ArrayConverter - Setting default value: [Ljava.sql.Timestamp;@31bdd558
21:30:42.232 [pool-1-thread-4] DEBUG org.apache.commons.beanutils.converters.ArrayConverter - Converting 'java.sql.Timestamp[]' value '[Ljava.sql.Timestamp;@31bdd558' to type 'java.sql.Timestamp[]'
21:30:42.232 [pool-1-thread-4] DEBUG org.apache.commons.beanutils.converters.ArrayConverter -     No conversion required, value is already a java.sql.Timestamp[]
21:30:42.232 [pool-1-thread-4] DEBUG org.apache.commons.beanutils.converters.ArrayConverter - Setting default value: [Ljava.net.URL;@f8fdb20
21:30:42.232 [pool-1-thread-4] DEBUG org.apache.commons.beanutils.converters.ArrayConverter - Converting 'java.net.URL[]' value '[Ljava.net.URL;@f8fdb20' to type 'java.net.URL[]'
21:30:42.233 [pool-1-thread-4] DEBUG org.apache.commons.beanutils.converters.ArrayConverter -     No conversion required, value is already a java.net.URL[]
21:30:42.237 [pool-1-thread-4] DEBUG org.apache.commons.beanutils.ConvertUtils - Convert string '13' to class 'java.lang.Integer'
21:30:42.238 [pool-1-thread-4] DEBUG org.apache.commons.beanutils.converters.IntegerConverter - Converting 'String' value '13' to type 'Integer'
21:30:42.238 [pool-1-thread-4] DEBUG org.apache.commons.beanutils.converters.IntegerConverter -     No NumberFormat, using default conversion
21:30:42.238 [pool-1-thread-4] DEBUG org.apache.commons.beanutils.converters.IntegerConverter -     Converted to Integer value '13'
21:30:42.239 [pool-1-thread-4] DEBUG org.apache.commons.beanutils.converters.BooleanConverter - Setting default value: false
21:30:42.239 [pool-1-thread-4] DEBUG org.apache.commons.beanutils.converters.BooleanConverter - Converting 'Boolean' value 'false' to type 'Boolean'
21:30:42.239 [pool-1-thread-4] DEBUG org.apache.commons.beanutils.converters.BooleanConverter -     No conversion required, value is already a Boolean
21:30:42.240 [pool-1-thread-4] DEBUG org.apache.commons.beanutils.converters.ByteConverter - Setting default value: 0
21:30:42.240 [pool-1-thread-4] DEBUG org.apache.commons.beanutils.converters.ByteConverter - Converting 'Integer' value '0' to type 'Byte'
21:30:42.240 [pool-1-thread-4] DEBUG org.apache.commons.beanutils.converters.ByteConverter -     Converted to Byte value '0'
21:30:42.240 [pool-1-thread-4] DEBUG org.apache.commons.beanutils.converters.CharacterConverter - Setting default value:  
21:30:42.240 [pool-1-thread-4] DEBUG org.apache.commons.beanutils.converters.CharacterConverter - Converting 'Character' value ' ' to type 'Character'
21:30:42.241 [pool-1-thread-4] DEBUG org.apache.commons.beanutils.converters.CharacterConverter -     No conversion required, value is already a Character
21:30:42.241 [pool-1-thread-4] DEBUG org.apache.commons.beanutils.converters.DoubleConverter - Setting default value: 0
21:30:42.241 [pool-1-thread-4] DEBUG org.apache.commons.beanutils.converters.DoubleConverter - Converting 'Integer' value '0' to type 'Double'
21:30:42.241 [pool-1-thread-4] DEBUG org.apache.commons.beanutils.converters.DoubleConverter -     Converted to Double value '0.0'
21:30:42.242 [pool-1-thread-4] DEBUG org.apache.commons.beanutils.converters.FloatConverter - Setting default value: 0
21:30:42.242 [pool-1-thread-4] DEBUG org.apache.commons.beanutils.converters.FloatConverter - Converting 'Integer' value '0' to type 'Float'
21:30:42.243 [pool-1-thread-4] DEBUG org.apache.commons.beanutils.converters.FloatConverter -     Converted to Float value '0.0'
21:30:42.243 [pool-1-thread-4] DEBUG org.apache.commons.beanutils.converters.IntegerConverter - Setting default value: 0
21:30:42.243 [pool-1-thread-4] DEBUG org.apache.commons.beanutils.converters.IntegerConverter - Converting 'Integer' value '0' to type 'Integer'
21:30:42.243 [pool-1-thread-4] DEBUG org.apache.commons.beanutils.converters.IntegerConverter -     No conversion required, value is already a Integer
21:30:42.243 [pool-1-thread-4] DEBUG org.apache.commons.beanutils.converters.LongConverter - Setting default value: 0
21:30:42.244 [pool-1-thread-4] DEBUG org.apache.commons.beanutils.converters.LongConverter - Converting 'Integer' value '0' to type 'Long'
21:30:42.244 [pool-1-thread-4] DEBUG org.apache.commons.beanutils.converters.LongConverter -     Converted to Long value '0'
21:30:42.244 [pool-1-thread-4] DEBUG org.apache.commons.beanutils.converters.ShortConverter - Setting default value: 0
21:30:42.244 [pool-1-thread-4] DEBUG org.apache.commons.beanutils.converters.ShortConverter - Converting 'Integer' value '0' to type 'Short'
21:30:42.244 [pool-1-thread-4] DEBUG org.apache.commons.beanutils.converters.ShortConverter -     Converted to Short value '0'
21:30:42.245 [pool-1-thread-4] DEBUG org.apache.commons.beanutils.converters.BigDecimalConverter - Setting default value: 0.0
21:30:42.245 [pool-1-thread-4] DEBUG org.apache.commons.beanutils.converters.BigDecimalConverter - Converting 'BigDecimal' value '0.0' to type 'BigDecimal'
21:30:42.245 [pool-1-thread-4] DEBUG org.apache.commons.beanutils.converters.BigDecimalConverter -     No conversion required, value is already a BigDecimal
21:30:42.245 [pool-1-thread-4] DEBUG org.apache.commons.beanutils.converters.BigIntegerConverter - Setting default value: 0
21:30:42.246 [pool-1-thread-4] DEBUG org.apache.commons.beanutils.converters.BigIntegerConverter - Converting 'BigInteger' value '0' to type 'BigInteger'
21:30:42.246 [pool-1-thread-4] DEBUG org.apache.commons.beanutils.converters.BigIntegerConverter -     No conversion required, value is already a BigInteger
21:30:42.246 [pool-1-thread-4] DEBUG org.apache.commons.beanutils.converters.BooleanConverter - Setting default value: false
21:30:42.246 [pool-1-thread-4] DEBUG org.apache.commons.beanutils.converters.BooleanConverter - Converting 'Boolean' value 'false' to type 'Boolean'
21:30:42.246 [pool-1-thread-4] DEBUG org.apache.commons.beanutils.converters.BooleanConverter -     No conversion required, value is already a Boolean
21:30:42.247 [pool-1-thread-4] DEBUG org.apache.commons.beanutils.converters.ByteConverter - Setting default value: 0
21:30:42.247 [pool-1-thread-4] DEBUG org.apache.commons.beanutils.converters.ByteConverter - Converting 'Integer' value '0' to type 'Byte'
21:30:42.247 [pool-1-thread-4] DEBUG org.apache.commons.beanutils.converters.ByteConverter -     Converted to Byte value '0'
21:30:42.247 [pool-1-thread-4] DEBUG org.apache.commons.beanutils.converters.CharacterConverter - Setting default value:  
21:30:42.247 [pool-1-thread-4] DEBUG org.apache.commons.beanutils.converters.CharacterConverter - Converting 'Character' value ' ' to type 'Character'
21:30:42.247 [pool-1-thread-4] DEBUG org.apache.commons.beanutils.converters.CharacterConverter -     No conversion required, value is already a Character
21:30:42.248 [pool-1-thread-4] DEBUG org.apache.commons.beanutils.converters.DoubleConverter - Setting default value: 0
21:30:42.248 [pool-1-thread-4] DEBUG org.apache.commons.beanutils.converters.DoubleConverter - Converting 'Integer' value '0' to type 'Double'
21:30:42.251 [pool-1-thread-4] DEBUG org.apache.commons.beanutils.converters.DoubleConverter -     Converted to Double value '0.0'
21:30:42.252 [pool-1-thread-4] DEBUG org.apache.commons.beanutils.converters.FloatConverter - Setting default value: 0
21:30:42.253 [pool-1-thread-4] DEBUG org.apache.commons.beanutils.converters.FloatConverter - Converting 'Integer' value '0' to type 'Float'
21:30:42.254 [pool-1-thread-4] DEBUG org.apache.commons.beanutils.converters.FloatConverter -     Converted to Float value '0.0'
21:30:42.254 [pool-1-thread-4] DEBUG org.apache.commons.beanutils.converters.IntegerConverter - Setting default value: 0
21:30:42.255 [pool-1-thread-4] DEBUG org.apache.commons.beanutils.converters.IntegerConverter - Converting 'Integer' value '0' to type 'Integer'
21:30:42.255 [pool-1-thread-4] DEBUG org.apache.commons.beanutils.converters.IntegerConverter -     No conversion required, value is already a Integer
21:30:42.255 [pool-1-thread-4] DEBUG org.apache.commons.beanutils.converters.LongConverter - Setting default value: 0
21:30:42.256 [pool-1-thread-4] DEBUG org.apache.commons.beanutils.converters.LongConverter - Converting 'Integer' value '0' to type 'Long'
21:30:42.257 [pool-1-thread-4] DEBUG org.apache.commons.beanutils.converters.LongConverter -     Converted to Long value '0'
21:30:42.257 [pool-1-thread-4] DEBUG org.apache.commons.beanutils.converters.ShortConverter - Setting default value: 0
21:30:42.257 [pool-1-thread-4] DEBUG org.apache.commons.beanutils.converters.ShortConverter - Converting 'Integer' value '0' to type 'Short'
21:30:42.258 [pool-1-thread-4] DEBUG org.apache.commons.beanutils.converters.ShortConverter -     Converted to Short value '0'
21:30:42.258 [pool-1-thread-4] DEBUG org.apache.commons.beanutils.converters.StringConverter - Setting default value: 
21:30:42.258 [pool-1-thread-4] DEBUG org.apache.commons.beanutils.converters.StringConverter - Converting 'String' value '' to type 'String'
21:30:42.259 [pool-1-thread-4] DEBUG org.apache.commons.beanutils.converters.ArrayConverter - Setting default value: [Z@1c8b422e
21:30:42.259 [pool-1-thread-4] DEBUG org.apache.commons.beanutils.converters.ArrayConverter - Converting 'boolean[]' value '[Z@1c8b422e' to type 'boolean[]'
21:30:42.259 [pool-1-thread-4] DEBUG org.apache.commons.beanutils.converters.ArrayConverter -     No conversion required, value is already a boolean[]
21:30:42.260 [pool-1-thread-4] DEBUG org.apache.commons.beanutils.converters.ArrayConverter - Setting default value: [B@5b5bf86c
21:30:42.260 [pool-1-thread-4] DEBUG org.apache.commons.beanutils.converters.ArrayConverter - Converting 'byte[]' value '[B@5b5bf86c' to type 'byte[]'
21:30:42.260 [pool-1-thread-4] DEBUG org.apache.commons.beanutils.converters.ArrayConverter -     No conversion required, value is already a byte[]
21:30:42.260 [pool-1-thread-4] DEBUG org.apache.commons.beanutils.converters.ArrayConverter - Setting default value: [C@413f14a
21:30:42.260 [pool-1-thread-4] DEBUG org.apache.commons.beanutils.converters.ArrayConverter - Converting 'char[]' value '[C@413f14a' to type 'char[]'
21:30:42.260 [pool-1-thread-4] DEBUG org.apache.commons.beanutils.converters.ArrayConverter -     No conversion required, value is already a char[]
21:30:42.260 [pool-1-thread-4] DEBUG org.apache.commons.beanutils.converters.ArrayConverter - Setting default value: [D@75347c33
21:30:42.261 [pool-1-thread-4] DEBUG org.apache.commons.beanutils.converters.ArrayConverter - Converting 'double[]' value '[D@75347c33' to type 'double[]'
21:30:42.261 [pool-1-thread-4] DEBUG org.apache.commons.beanutils.converters.ArrayConverter -     No conversion required, value is already a double[]
21:30:42.261 [pool-1-thread-4] DEBUG org.apache.commons.beanutils.converters.ArrayConverter - Setting default value: [F@33e8da89
21:30:42.261 [pool-1-thread-4] DEBUG org.apache.commons.beanutils.converters.ArrayConverter - Converting 'float[]' value '[F@33e8da89' to type 'float[]'
21:30:42.261 [pool-1-thread-4] DEBUG org.apache.commons.beanutils.converters.ArrayConverter -     No conversion required, value is already a float[]
21:30:42.261 [pool-1-thread-4] DEBUG org.apache.commons.beanutils.converters.ArrayConverter - Setting default value: [I@37f4dc00
21:30:42.261 [pool-1-thread-4] DEBUG org.apache.commons.beanutils.converters.ArrayConverter - Converting 'int[]' value '[I@37f4dc00' to type 'int[]'
21:30:42.262 [pool-1-thread-4] DEBUG org.apache.commons.beanutils.converters.ArrayConverter -     No conversion required, value is already a int[]
21:30:42.262 [pool-1-thread-4] DEBUG org.apache.commons.beanutils.converters.ArrayConverter - Setting default value: [J@2cf6f215
21:30:42.262 [pool-1-thread-4] DEBUG org.apache.commons.beanutils.converters.ArrayConverter - Converting 'long[]' value '[J@2cf6f215' to type 'long[]'
21:30:42.262 [pool-1-thread-4] DEBUG org.apache.commons.beanutils.converters.ArrayConverter -     No conversion required, value is already a long[]
21:30:42.262 [pool-1-thread-4] DEBUG org.apache.commons.beanutils.converters.ArrayConverter - Setting default value: [S@7af5c65c
21:30:42.262 [pool-1-thread-4] DEBUG org.apache.commons.beanutils.converters.ArrayConverter - Converting 'short[]' value '[S@7af5c65c' to type 'short[]'
21:30:42.262 [pool-1-thread-4] DEBUG org.apache.commons.beanutils.converters.ArrayConverter -     No conversion required, value is already a short[]
21:30:42.263 [pool-1-thread-4] DEBUG org.apache.commons.beanutils.converters.ArrayConverter - Setting default value: [Ljava.math.BigDecimal;@fbc7719
21:30:42.263 [pool-1-thread-4] DEBUG org.apache.commons.beanutils.converters.ArrayConverter - Converting 'BigDecimal[]' value '[Ljava.math.BigDecimal;@fbc7719' to type 'BigDecimal[]'
21:30:42.263 [pool-1-thread-4] DEBUG org.apache.commons.beanutils.converters.ArrayConverter -     No conversion required, value is already a BigDecimal[]
21:30:42.263 [pool-1-thread-4] DEBUG org.apache.commons.beanutils.converters.ArrayConverter - Setting default value: [Ljava.math.BigInteger;@1eb9ae32
21:30:42.263 [pool-1-thread-4] DEBUG org.apache.commons.beanutils.converters.ArrayConverter - Converting 'BigInteger[]' value '[Ljava.math.BigInteger;@1eb9ae32' to type 'BigInteger[]'
21:30:42.265 [pool-1-thread-4] DEBUG org.apache.commons.beanutils.converters.ArrayConverter -     No conversion required, value is already a BigInteger[]
21:30:42.265 [pool-1-thread-4] DEBUG org.apache.commons.beanutils.converters.ArrayConverter - Setting default value: [Ljava.lang.Boolean;@54481aa
21:30:42.265 [pool-1-thread-4] DEBUG org.apache.commons.beanutils.converters.ArrayConverter - Converting 'Boolean[]' value '[Ljava.lang.Boolean;@54481aa' to type 'Boolean[]'
21:30:42.265 [pool-1-thread-4] DEBUG org.apache.commons.beanutils.converters.ArrayConverter -     No conversion required, value is already a Boolean[]
21:30:42.266 [pool-1-thread-4] DEBUG org.apache.commons.beanutils.converters.ArrayConverter - Setting default value: [Ljava.lang.Byte;@51d76078
21:30:42.266 [pool-1-thread-4] DEBUG org.apache.commons.beanutils.converters.ArrayConverter - Converting 'Byte[]' value '[Ljava.lang.Byte;@51d76078' to type 'Byte[]'
21:30:42.266 [pool-1-thread-4] DEBUG org.apache.commons.beanutils.converters.ArrayConverter -     No conversion required, value is already a Byte[]
21:30:42.266 [pool-1-thread-4] DEBUG org.apache.commons.beanutils.converters.ArrayConverter - Setting default value: [Ljava.lang.Character;@3dbfd1e4
21:30:42.266 [pool-1-thread-4] DEBUG org.apache.commons.beanutils.converters.ArrayConverter - Converting 'Character[]' value '[Ljava.lang.Character;@3dbfd1e4' to type 'Character[]'
21:30:42.266 [pool-1-thread-4] DEBUG org.apache.commons.beanutils.converters.ArrayConverter -     No conversion required, value is already a Character[]
21:30:42.267 [pool-1-thread-4] DEBUG org.apache.commons.beanutils.converters.ArrayConverter - Setting default value: [Ljava.lang.Double;@6e24205f
21:30:42.267 [pool-1-thread-4] DEBUG org.apache.commons.beanutils.converters.ArrayConverter - Converting 'Double[]' value '[Ljava.lang.Double;@6e24205f' to type 'Double[]'
21:30:42.267 [pool-1-thread-4] DEBUG org.apache.commons.beanutils.converters.ArrayConverter -     No conversion required, value is already a Double[]
21:30:42.267 [pool-1-thread-4] DEBUG org.apache.commons.beanutils.converters.ArrayConverter - Setting default value: [Ljava.lang.Float;@4f4cb5e0
21:30:42.267 [pool-1-thread-4] DEBUG org.apache.commons.beanutils.converters.ArrayConverter - Converting 'Float[]' value '[Ljava.lang.Float;@4f4cb5e0' to type 'Float[]'
21:30:42.267 [pool-1-thread-4] DEBUG org.apache.commons.beanutils.converters.ArrayConverter -     No conversion required, value is already a Float[]
21:30:42.267 [pool-1-thread-4] DEBUG org.apache.commons.beanutils.converters.ArrayConverter - Setting default value: [Ljava.lang.Integer;@2572c8d1
21:30:42.268 [pool-1-thread-4] DEBUG org.apache.commons.beanutils.converters.ArrayConverter - Converting 'Integer[]' value '[Ljava.lang.Integer;@2572c8d1' to type 'Integer[]'
21:30:42.268 [pool-1-thread-4] DEBUG org.apache.commons.beanutils.converters.ArrayConverter -     No conversion required, value is already a Integer[]
21:30:42.268 [pool-1-thread-4] DEBUG org.apache.commons.beanutils.converters.ArrayConverter - Setting default value: [Ljava.lang.Long;@66811d6a
21:30:42.268 [pool-1-thread-4] DEBUG org.apache.commons.beanutils.converters.ArrayConverter - Converting 'Long[]' value '[Ljava.lang.Long;@66811d6a' to type 'Long[]'
21:30:42.268 [pool-1-thread-4] DEBUG org.apache.commons.beanutils.converters.ArrayConverter -     No conversion required, value is already a Long[]
21:30:42.268 [pool-1-thread-4] DEBUG org.apache.commons.beanutils.converters.ArrayConverter - Setting default value: [Ljava.lang.Short;@29e8ef3d
21:30:42.269 [pool-1-thread-4] DEBUG org.apache.commons.beanutils.converters.ArrayConverter - Converting 'Short[]' value '[Ljava.lang.Short;@29e8ef3d' to type 'Short[]'
21:30:42.269 [pool-1-thread-4] DEBUG org.apache.commons.beanutils.converters.ArrayConverter -     No conversion required, value is already a Short[]
21:30:42.269 [pool-1-thread-4] DEBUG org.apache.commons.beanutils.converters.ArrayConverter - Setting default value: [Ljava.lang.String;@321bc55
21:30:42.269 [pool-1-thread-4] DEBUG org.apache.commons.beanutils.converters.ArrayConverter - Converting 'String[]' value '[Ljava.lang.String;@321bc55' to type 'String[]'
21:30:42.269 [pool-1-thread-4] DEBUG org.apache.commons.beanutils.converters.ArrayConverter -     No conversion required, value is already a String[]
21:30:42.270 [pool-1-thread-4] DEBUG org.apache.commons.beanutils.converters.ArrayConverter - Setting default value: [Ljava.lang.Class;@3026c8a0
21:30:42.271 [pool-1-thread-4] DEBUG org.apache.commons.beanutils.converters.ArrayConverter - Converting 'Class[]' value '[Ljava.lang.Class;@3026c8a0' to type 'Class[]'
21:30:42.271 [pool-1-thread-4] DEBUG org.apache.commons.beanutils.converters.ArrayConverter -     No conversion required, value is already a Class[]
21:30:42.271 [pool-1-thread-4] DEBUG org.apache.commons.beanutils.converters.ArrayConverter - Setting default value: [Ljava.util.Date;@5e22e983
21:30:42.271 [pool-1-thread-4] DEBUG org.apache.commons.beanutils.converters.ArrayConverter - Converting 'Date[]' value '[Ljava.util.Date;@5e22e983' to type 'Date[]'
21:30:42.271 [pool-1-thread-4] DEBUG org.apache.commons.beanutils.converters.ArrayConverter -     No conversion required, value is already a Date[]
21:30:42.271 [pool-1-thread-4] DEBUG org.apache.commons.beanutils.converters.ArrayConverter - Setting default value: [Ljava.util.Calendar;@30dd747d
21:30:42.271 [pool-1-thread-4] DEBUG org.apache.commons.beanutils.converters.ArrayConverter - Converting 'Calendar[]' value '[Ljava.util.Calendar;@30dd747d' to type 'Calendar[]'
21:30:42.271 [pool-1-thread-4] DEBUG org.apache.commons.beanutils.converters.ArrayConverter -     No conversion required, value is already a Calendar[]
21:30:42.272 [pool-1-thread-4] DEBUG org.apache.commons.beanutils.converters.ArrayConverter - Setting default value: [Ljava.io.File;@3e10a527
21:30:42.272 [pool-1-thread-4] DEBUG org.apache.commons.beanutils.converters.ArrayConverter - Converting 'java.io.File[]' value '[Ljava.io.File;@3e10a527' to type 'java.io.File[]'
21:30:42.272 [pool-1-thread-4] DEBUG org.apache.commons.beanutils.converters.ArrayConverter -     No conversion required, value is already a java.io.File[]
21:30:42.272 [pool-1-thread-4] DEBUG org.apache.commons.beanutils.converters.ArrayConverter - Setting default value: [Ljava.sql.Date;@3875098d
21:30:42.272 [pool-1-thread-4] DEBUG org.apache.commons.beanutils.converters.ArrayConverter - Converting 'java.sql.Date[]' value '[Ljava.sql.Date;@3875098d' to type 'java.sql.Date[]'
21:30:42.272 [pool-1-thread-4] DEBUG org.apache.commons.beanutils.converters.ArrayConverter -     No conversion required, value is already a java.sql.Date[]
21:30:42.272 [pool-1-thread-4] DEBUG org.apache.commons.beanutils.converters.ArrayConverter - Setting default value: [Ljava.sql.Time;@715291f1
21:30:42.273 [pool-1-thread-4] DEBUG org.apache.commons.beanutils.converters.ArrayConverter - Converting 'java.sql.Time[]' value '[Ljava.sql.Time;@715291f1' to type 'java.sql.Time[]'
21:30:42.273 [pool-1-thread-4] DEBUG org.apache.commons.beanutils.converters.ArrayConverter -     No conversion required, value is already a java.sql.Time[]
21:30:42.273 [pool-1-thread-4] DEBUG org.apache.commons.beanutils.converters.ArrayConverter - Setting default value: [Ljava.sql.Timestamp;@2af77d3a
21:30:42.273 [pool-1-thread-4] DEBUG org.apache.commons.beanutils.converters.ArrayConverter - Converting 'java.sql.Timestamp[]' value '[Ljava.sql.Timestamp;@2af77d3a' to type 'java.sql.Timestamp[]'
21:30:42.273 [pool-1-thread-4] DEBUG org.apache.commons.beanutils.converters.ArrayConverter -     No conversion required, value is already a java.sql.Timestamp[]
21:30:42.274 [pool-1-thread-4] DEBUG org.apache.commons.beanutils.converters.ArrayConverter - Setting default value: [Ljava.net.URL;@1175ccde
21:30:42.274 [pool-1-thread-4] DEBUG org.apache.commons.beanutils.converters.ArrayConverter - Converting 'java.net.URL[]' value '[Ljava.net.URL;@1175ccde' to type 'java.net.URL[]'
21:30:42.274 [pool-1-thread-4] DEBUG org.apache.commons.beanutils.converters.ArrayConverter -     No conversion required, value is already a java.net.URL[]
21:30:42.275 [pool-1-thread-4] DEBUG org.apache.commons.beanutils.ConvertUtils - Convert string '2435' to class 'java.lang.Integer'
21:30:42.278 [pool-1-thread-4] DEBUG org.apache.commons.beanutils.converters.IntegerConverter - Converting 'String' value '2435' to type 'Integer'
21:30:42.278 [pool-1-thread-4] DEBUG org.apache.commons.beanutils.converters.IntegerConverter -     No NumberFormat, using default conversion
21:30:42.279 [pool-1-thread-4] DEBUG org.apache.commons.beanutils.converters.IntegerConverter -     Converted to Integer value '2435'
21:30:42.279 [pool-1-thread-4] DEBUG org.apache.commons.beanutils.converters.BooleanConverter - Setting default value: false
21:30:42.279 [pool-1-thread-4] DEBUG org.apache.commons.beanutils.converters.BooleanConverter - Converting 'Boolean' value 'false' to type 'Boolean'
21:30:42.279 [pool-1-thread-4] DEBUG org.apache.commons.beanutils.converters.BooleanConverter -     No conversion required, value is already a Boolean
21:30:42.280 [pool-1-thread-4] DEBUG org.apache.commons.beanutils.converters.ByteConverter - Setting default value: 0
21:30:42.280 [pool-1-thread-4] DEBUG org.apache.commons.beanutils.converters.ByteConverter - Converting 'Integer' value '0' to type 'Byte'
21:30:42.280 [pool-1-thread-4] DEBUG org.apache.commons.beanutils.converters.ByteConverter -     Converted to Byte value '0'
21:30:42.280 [pool-1-thread-4] DEBUG org.apache.commons.beanutils.converters.CharacterConverter - Setting default value:  
21:30:42.280 [pool-1-thread-4] DEBUG org.apache.commons.beanutils.converters.CharacterConverter - Converting 'Character' value ' ' to type 'Character'
21:30:42.280 [pool-1-thread-4] DEBUG org.apache.commons.beanutils.converters.CharacterConverter -     No conversion required, value is already a Character
21:30:42.280 [pool-1-thread-4] DEBUG org.apache.commons.beanutils.converters.DoubleConverter - Setting default value: 0
21:30:42.280 [pool-1-thread-4] DEBUG org.apache.commons.beanutils.converters.DoubleConverter - Converting 'Integer' value '0' to type 'Double'
21:30:42.281 [pool-1-thread-4] DEBUG org.apache.commons.beanutils.converters.DoubleConverter -     Converted to Double value '0.0'
21:30:42.281 [pool-1-thread-4] DEBUG org.apache.commons.beanutils.converters.FloatConverter - Setting default value: 0
21:30:42.281 [pool-1-thread-4] DEBUG org.apache.commons.beanutils.converters.FloatConverter - Converting 'Integer' value '0' to type 'Float'
21:30:42.281 [pool-1-thread-4] DEBUG org.apache.commons.beanutils.converters.FloatConverter -     Converted to Float value '0.0'
21:30:42.281 [pool-1-thread-4] DEBUG org.apache.commons.beanutils.converters.IntegerConverter - Setting default value: 0
21:30:42.281 [pool-1-thread-4] DEBUG org.apache.commons.beanutils.converters.IntegerConverter - Converting 'Integer' value '0' to type 'Integer'
21:30:42.281 [pool-1-thread-4] DEBUG org.apache.commons.beanutils.converters.IntegerConverter -     No conversion required, value is already a Integer
21:30:42.281 [pool-1-thread-4] DEBUG org.apache.commons.beanutils.converters.LongConverter - Setting default value: 0
21:30:42.282 [pool-1-thread-4] DEBUG org.apache.commons.beanutils.converters.LongConverter - Converting 'Integer' value '0' to type 'Long'
21:30:42.282 [pool-1-thread-4] DEBUG org.apache.commons.beanutils.converters.LongConverter -     Converted to Long value '0'
21:30:42.282 [pool-1-thread-4] DEBUG org.apache.commons.beanutils.converters.ShortConverter - Setting default value: 0
21:30:42.282 [pool-1-thread-4] DEBUG org.apache.commons.beanutils.converters.ShortConverter - Converting 'Integer' value '0' to type 'Short'
21:30:42.282 [pool-1-thread-4] DEBUG org.apache.commons.beanutils.converters.ShortConverter -     Converted to Short value '0'
21:30:42.282 [pool-1-thread-4] DEBUG org.apache.commons.beanutils.converters.BigDecimalConverter - Setting default value: 0.0
21:30:42.282 [pool-1-thread-4] DEBUG org.apache.commons.beanutils.converters.BigDecimalConverter - Converting 'BigDecimal' value '0.0' to type 'BigDecimal'
21:30:42.283 [pool-1-thread-4] DEBUG org.apache.commons.beanutils.converters.BigDecimalConverter -     No conversion required, value is already a BigDecimal
21:30:42.283 [pool-1-thread-4] DEBUG org.apache.commons.beanutils.converters.BigIntegerConverter - Setting default value: 0
21:30:42.283 [pool-1-thread-4] DEBUG org.apache.commons.beanutils.converters.BigIntegerConverter - Converting 'BigInteger' value '0' to type 'BigInteger'
21:30:42.283 [pool-1-thread-4] DEBUG org.apache.commons.beanutils.converters.BigIntegerConverter -     No conversion required, value is already a BigInteger
21:30:42.283 [pool-1-thread-4] DEBUG org.apache.commons.beanutils.converters.BooleanConverter - Setting default value: false
21:30:42.283 [pool-1-thread-4] DEBUG org.apache.commons.beanutils.converters.BooleanConverter - Converting 'Boolean' value 'false' to type 'Boolean'
21:30:42.283 [pool-1-thread-4] DEBUG org.apache.commons.beanutils.converters.BooleanConverter -     No conversion required, value is already a Boolean
21:30:42.284 [pool-1-thread-4] DEBUG org.apache.commons.beanutils.converters.ByteConverter - Setting default value: 0
21:30:42.284 [pool-1-thread-4] DEBUG org.apache.commons.beanutils.converters.ByteConverter - Converting 'Integer' value '0' to type 'Byte'
21:30:42.284 [pool-1-thread-4] DEBUG org.apache.commons.beanutils.converters.ByteConverter -     Converted to Byte value '0'
21:30:42.284 [pool-1-thread-4] DEBUG org.apache.commons.beanutils.converters.CharacterConverter - Setting default value:  
21:30:42.284 [pool-1-thread-4] DEBUG org.apache.commons.beanutils.converters.CharacterConverter - Converting 'Character' value ' ' to type 'Character'
21:30:42.284 [pool-1-thread-4] DEBUG org.apache.commons.beanutils.converters.CharacterConverter -     No conversion required, value is already a Character
21:30:42.284 [pool-1-thread-4] DEBUG org.apache.commons.beanutils.converters.DoubleConverter - Setting default value: 0
21:30:42.284 [pool-1-thread-4] DEBUG org.apache.commons.beanutils.converters.DoubleConverter - Converting 'Integer' value '0' to type 'Double'
21:30:42.285 [pool-1-thread-4] DEBUG org.apache.commons.beanutils.converters.DoubleConverter -     Converted to Double value '0.0'
21:30:42.285 [pool-1-thread-4] DEBUG org.apache.commons.beanutils.converters.FloatConverter - Setting default value: 0
21:30:42.285 [pool-1-thread-4] DEBUG org.apache.commons.beanutils.converters.FloatConverter - Converting 'Integer' value '0' to type 'Float'
21:30:42.285 [pool-1-thread-4] DEBUG org.apache.commons.beanutils.converters.FloatConverter -     Converted to Float value '0.0'
21:30:42.285 [pool-1-thread-4] DEBUG org.apache.commons.beanutils.converters.IntegerConverter - Setting default value: 0
21:30:42.285 [pool-1-thread-4] DEBUG org.apache.commons.beanutils.converters.IntegerConverter - Converting 'Integer' value '0' to type 'Integer'
21:30:42.285 [pool-1-thread-4] DEBUG org.apache.commons.beanutils.converters.IntegerConverter -     No conversion required, value is already a Integer
21:30:42.285 [pool-1-thread-4] DEBUG org.apache.commons.beanutils.converters.LongConverter - Setting default value: 0
21:30:42.286 [pool-1-thread-4] DEBUG org.apache.commons.beanutils.converters.LongConverter - Converting 'Integer' value '0' to type 'Long'
21:30:42.286 [pool-1-thread-4] DEBUG org.apache.commons.beanutils.converters.LongConverter -     Converted to Long value '0'
21:30:42.286 [pool-1-thread-4] DEBUG org.apache.commons.beanutils.converters.ShortConverter - Setting default value: 0
21:30:42.286 [pool-1-thread-4] DEBUG org.apache.commons.beanutils.converters.ShortConverter - Converting 'Integer' value '0' to type 'Short'
21:30:42.286 [pool-1-thread-4] DEBUG org.apache.commons.beanutils.converters.ShortConverter -     Converted to Short value '0'
21:30:42.286 [pool-1-thread-4] DEBUG org.apache.commons.beanutils.converters.StringConverter - Setting default value: 
21:30:42.287 [pool-1-thread-4] DEBUG org.apache.commons.beanutils.converters.StringConverter - Converting 'String' value '' to type 'String'
21:30:42.287 [pool-1-thread-4] DEBUG org.apache.commons.beanutils.converters.ArrayConverter - Setting default value: [Z@1dc961c
21:30:42.287 [pool-1-thread-4] DEBUG org.apache.commons.beanutils.converters.ArrayConverter - Converting 'boolean[]' value '[Z@1dc961c' to type 'boolean[]'
21:30:42.287 [pool-1-thread-4] DEBUG org.apache.commons.beanutils.converters.ArrayConverter -     No conversion required, value is already a boolean[]
21:30:42.287 [pool-1-thread-4] DEBUG org.apache.commons.beanutils.converters.ArrayConverter - Setting default value: [B@64e442cf
21:30:42.290 [pool-1-thread-4] DEBUG org.apache.commons.beanutils.converters.ArrayConverter - Converting 'byte[]' value '[B@64e442cf' to type 'byte[]'
21:30:42.290 [pool-1-thread-4] DEBUG org.apache.commons.beanutils.converters.ArrayConverter -     No conversion required, value is already a byte[]
21:30:42.290 [pool-1-thread-4] DEBUG org.apache.commons.beanutils.converters.ArrayConverter - Setting default value: [C@75ebfdc4
21:30:42.291 [pool-1-thread-4] DEBUG org.apache.commons.beanutils.converters.ArrayConverter - Converting 'char[]' value '[C@75ebfdc4' to type 'char[]'
21:30:42.291 [pool-1-thread-4] DEBUG org.apache.commons.beanutils.converters.ArrayConverter -     No conversion required, value is already a char[]
21:30:42.291 [pool-1-thread-4] DEBUG org.apache.commons.beanutils.converters.ArrayConverter - Setting default value: [D@4a47dc9b
21:30:42.291 [pool-1-thread-4] DEBUG org.apache.commons.beanutils.converters.ArrayConverter - Converting 'double[]' value '[D@4a47dc9b' to type 'double[]'
21:30:42.295 [pool-1-thread-4] DEBUG org.apache.commons.beanutils.converters.ArrayConverter -     No conversion required, value is already a double[]
21:30:42.295 [pool-1-thread-4] DEBUG org.apache.commons.beanutils.converters.ArrayConverter - Setting default value: [F@2f4edfb9
21:30:42.295 [pool-1-thread-4] DEBUG org.apache.commons.beanutils.converters.ArrayConverter - Converting 'float[]' value '[F@2f4edfb9' to type 'float[]'
21:30:42.296 [pool-1-thread-4] DEBUG org.apache.commons.beanutils.converters.ArrayConverter -     No conversion required, value is already a float[]
21:30:42.296 [pool-1-thread-4] DEBUG org.apache.commons.beanutils.converters.ArrayConverter - Setting default value: [I@69fa02a5
21:30:42.296 [pool-1-thread-4] DEBUG org.apache.commons.beanutils.converters.ArrayConverter - Converting 'int[]' value '[I@69fa02a5' to type 'int[]'
21:30:42.296 [pool-1-thread-4] DEBUG org.apache.commons.beanutils.converters.ArrayConverter -     No conversion required, value is already a int[]
21:30:42.296 [pool-1-thread-4] DEBUG org.apache.commons.beanutils.converters.ArrayConverter - Setting default value: [J@43d5c783
21:30:42.296 [pool-1-thread-4] DEBUG org.apache.commons.beanutils.converters.ArrayConverter - Converting 'long[]' value '[J@43d5c783' to type 'long[]'
21:30:42.297 [pool-1-thread-4] DEBUG org.apache.commons.beanutils.converters.ArrayConverter -     No conversion required, value is already a long[]
21:30:42.297 [pool-1-thread-4] DEBUG org.apache.commons.beanutils.converters.ArrayConverter - Setting default value: [S@37827866
21:30:42.297 [pool-1-thread-4] DEBUG org.apache.commons.beanutils.converters.ArrayConverter - Converting 'short[]' value '[S@37827866' to type 'short[]'
21:30:42.297 [pool-1-thread-4] DEBUG org.apache.commons.beanutils.converters.ArrayConverter -     No conversion required, value is already a short[]
21:30:42.298 [pool-1-thread-4] DEBUG org.apache.commons.beanutils.converters.ArrayConverter - Setting default value: [Ljava.math.BigDecimal;@6ee8da38
21:30:42.299 [pool-1-thread-4] DEBUG org.apache.commons.beanutils.converters.ArrayConverter - Converting 'BigDecimal[]' value '[Ljava.math.BigDecimal;@6ee8da38' to type 'BigDecimal[]'
21:30:42.299 [pool-1-thread-4] DEBUG org.apache.commons.beanutils.converters.ArrayConverter -     No conversion required, value is already a BigDecimal[]
21:30:42.300 [pool-1-thread-4] DEBUG org.apache.commons.beanutils.converters.ArrayConverter - Setting default value: [Ljava.math.BigInteger;@573e026a
21:30:42.300 [pool-1-thread-4] DEBUG org.apache.commons.beanutils.converters.ArrayConverter - Converting 'BigInteger[]' value '[Ljava.math.BigInteger;@573e026a' to type 'BigInteger[]'
21:30:42.301 [pool-1-thread-4] DEBUG org.apache.commons.beanutils.converters.ArrayConverter -     No conversion required, value is already a BigInteger[]
21:30:42.301 [pool-1-thread-4] DEBUG org.apache.commons.beanutils.converters.ArrayConverter - Setting default value: [Ljava.lang.Boolean;@3aba2ed1
21:30:42.302 [pool-1-thread-4] DEBUG org.apache.commons.beanutils.converters.ArrayConverter - Converting 'Boolean[]' value '[Ljava.lang.Boolean;@3aba2ed1' to type 'Boolean[]'
21:30:42.302 [pool-1-thread-4] DEBUG org.apache.commons.beanutils.converters.ArrayConverter -     No conversion required, value is already a Boolean[]
21:30:42.303 [pool-1-thread-4] DEBUG org.apache.commons.beanutils.converters.ArrayConverter - Setting default value: [Ljava.lang.Byte;@1edf30a8
21:30:42.304 [pool-1-thread-4] DEBUG org.apache.commons.beanutils.converters.ArrayConverter - Converting 'Byte[]' value '[Ljava.lang.Byte;@1edf30a8' to type 'Byte[]'
21:30:42.304 [pool-1-thread-4] DEBUG org.apache.commons.beanutils.converters.ArrayConverter -     No conversion required, value is already a Byte[]
21:30:42.304 [pool-1-thread-4] DEBUG org.apache.commons.beanutils.converters.ArrayConverter - Setting default value: [Ljava.lang.Character;@364e0051
21:30:42.304 [pool-1-thread-4] DEBUG org.apache.commons.beanutils.converters.ArrayConverter - Converting 'Character[]' value '[Ljava.lang.Character;@364e0051' to type 'Character[]'
21:30:42.305 [pool-1-thread-4] DEBUG org.apache.commons.beanutils.converters.ArrayConverter -     No conversion required, value is already a Character[]
21:30:42.305 [pool-1-thread-4] DEBUG org.apache.commons.beanutils.converters.ArrayConverter - Setting default value: [Ljava.lang.Double;@114479a0
21:30:42.305 [pool-1-thread-4] DEBUG org.apache.commons.beanutils.converters.ArrayConverter - Converting 'Double[]' value '[Ljava.lang.Double;@114479a0' to type 'Double[]'
21:30:42.305 [pool-1-thread-4] DEBUG org.apache.commons.beanutils.converters.ArrayConverter -     No conversion required, value is already a Double[]
21:30:42.306 [pool-1-thread-4] DEBUG org.apache.commons.beanutils.converters.ArrayConverter - Setting default value: [Ljava.lang.Float;@7ae311ff
21:30:42.306 [pool-1-thread-4] DEBUG org.apache.commons.beanutils.converters.ArrayConverter - Converting 'Float[]' value '[Ljava.lang.Float;@7ae311ff' to type 'Float[]'
21:30:42.306 [pool-1-thread-4] DEBUG org.apache.commons.beanutils.converters.ArrayConverter -     No conversion required, value is already a Float[]
21:30:42.306 [pool-1-thread-4] DEBUG org.apache.commons.beanutils.converters.ArrayConverter - Setting default value: [Ljava.lang.Integer;@1dde347b
21:30:42.307 [pool-1-thread-4] DEBUG org.apache.commons.beanutils.converters.ArrayConverter - Converting 'Integer[]' value '[Ljava.lang.Integer;@1dde347b' to type 'Integer[]'
21:30:42.307 [pool-1-thread-4] DEBUG org.apache.commons.beanutils.converters.ArrayConverter -     No conversion required, value is already a Integer[]
21:30:42.307 [pool-1-thread-4] DEBUG org.apache.commons.beanutils.converters.ArrayConverter - Setting default value: [Ljava.lang.Long;@5bd4f319
21:30:42.307 [pool-1-thread-4] DEBUG org.apache.commons.beanutils.converters.ArrayConverter - Converting 'Long[]' value '[Ljava.lang.Long;@5bd4f319' to type 'Long[]'
21:30:42.307 [pool-1-thread-4] DEBUG org.apache.commons.beanutils.converters.ArrayConverter -     No conversion required, value is already a Long[]
21:30:42.308 [pool-1-thread-4] DEBUG org.apache.commons.beanutils.converters.ArrayConverter - Setting default value: [Ljava.lang.Short;@696f08ba
21:30:42.312 [pool-1-thread-4] DEBUG org.apache.commons.beanutils.converters.ArrayConverter - Converting 'Short[]' value '[Ljava.lang.Short;@696f08ba' to type 'Short[]'
21:30:42.313 [pool-1-thread-4] DEBUG org.apache.commons.beanutils.converters.ArrayConverter -     No conversion required, value is already a Short[]
21:30:42.313 [pool-1-thread-4] DEBUG org.apache.commons.beanutils.converters.ArrayConverter - Setting default value: [Ljava.lang.String;@b618081
21:30:42.314 [pool-1-thread-4] DEBUG org.apache.commons.beanutils.converters.ArrayConverter - Converting 'String[]' value '[Ljava.lang.String;@b618081' to type 'String[]'
21:30:42.314 [pool-1-thread-4] DEBUG org.apache.commons.beanutils.converters.ArrayConverter -     No conversion required, value is already a String[]
21:30:42.319 [pool-1-thread-4] DEBUG org.apache.commons.beanutils.converters.ArrayConverter - Setting default value: [Ljava.lang.Class;@67f0107a
21:30:42.320 [pool-1-thread-4] DEBUG org.apache.commons.beanutils.converters.ArrayConverter - Converting 'Class[]' value '[Ljava.lang.Class;@67f0107a' to type 'Class[]'
21:30:42.320 [pool-1-thread-4] DEBUG org.apache.commons.beanutils.converters.ArrayConverter -     No conversion required, value is already a Class[]
21:30:42.320 [pool-1-thread-4] DEBUG org.apache.commons.beanutils.converters.ArrayConverter - Setting default value: [Ljava.util.Date;@1b407ba6
21:30:42.320 [pool-1-thread-4] DEBUG org.apache.commons.beanutils.converters.ArrayConverter - Converting 'Date[]' value '[Ljava.util.Date;@1b407ba6' to type 'Date[]'
21:30:42.320 [pool-1-thread-4] DEBUG org.apache.commons.beanutils.converters.ArrayConverter -     No conversion required, value is already a Date[]
21:30:42.321 [pool-1-thread-4] DEBUG org.apache.commons.beanutils.converters.ArrayConverter - Setting default value: [Ljava.util.Calendar;@a7b8aac
21:30:42.321 [pool-1-thread-4] DEBUG org.apache.commons.beanutils.converters.ArrayConverter - Converting 'Calendar[]' value '[Ljava.util.Calendar;@a7b8aac' to type 'Calendar[]'
21:30:42.321 [pool-1-thread-4] DEBUG org.apache.commons.beanutils.converters.ArrayConverter -     No conversion required, value is already a Calendar[]
21:30:42.322 [pool-1-thread-4] DEBUG org.apache.commons.beanutils.converters.ArrayConverter - Setting default value: [Ljava.io.File;@d1966ea
21:30:42.322 [pool-1-thread-4] DEBUG org.apache.commons.beanutils.converters.ArrayConverter - Converting 'java.io.File[]' value '[Ljava.io.File;@d1966ea' to type 'java.io.File[]'
21:30:42.322 [pool-1-thread-4] DEBUG org.apache.commons.beanutils.converters.ArrayConverter -     No conversion required, value is already a java.io.File[]
21:30:42.322 [pool-1-thread-4] DEBUG org.apache.commons.beanutils.converters.ArrayConverter - Setting default value: [Ljava.sql.Date;@6a0dd4f3
21:30:42.322 [pool-1-thread-4] DEBUG org.apache.commons.beanutils.converters.ArrayConverter - Converting 'java.sql.Date[]' value '[Ljava.sql.Date;@6a0dd4f3' to type 'java.sql.Date[]'
21:30:42.322 [pool-1-thread-4] DEBUG org.apache.commons.beanutils.converters.ArrayConverter -     No conversion required, value is already a java.sql.Date[]
21:30:42.323 [pool-1-thread-4] DEBUG org.apache.commons.beanutils.converters.ArrayConverter - Setting default value: [Ljava.sql.Time;@72880f5f
21:30:42.323 [pool-1-thread-4] DEBUG org.apache.commons.beanutils.converters.ArrayConverter - Converting 'java.sql.Time[]' value '[Ljava.sql.Time;@72880f5f' to type 'java.sql.Time[]'
21:30:42.323 [pool-1-thread-4] DEBUG org.apache.commons.beanutils.converters.ArrayConverter -     No conversion required, value is already a java.sql.Time[]
21:30:42.323 [pool-1-thread-4] DEBUG org.apache.commons.beanutils.converters.ArrayConverter - Setting default value: [Ljava.sql.Timestamp;@2470c548
21:30:42.323 [pool-1-thread-4] DEBUG org.apache.commons.beanutils.converters.ArrayConverter - Converting 'java.sql.Timestamp[]' value '[Ljava.sql.Timestamp;@2470c548' to type 'java.sql.Timestamp[]'
21:30:42.323 [pool-1-thread-4] DEBUG org.apache.commons.beanutils.converters.ArrayConverter -     No conversion required, value is already a java.sql.Timestamp[]
21:30:42.324 [pool-1-thread-4] DEBUG org.apache.commons.beanutils.converters.ArrayConverter - Setting default value: [Ljava.net.URL;@6298c91a
21:30:42.324 [pool-1-thread-4] DEBUG org.apache.commons.beanutils.converters.ArrayConverter - Converting 'java.net.URL[]' value '[Ljava.net.URL;@6298c91a' to type 'java.net.URL[]'
21:30:42.324 [pool-1-thread-4] DEBUG org.apache.commons.beanutils.converters.ArrayConverter -     No conversion required, value is already a java.net.URL[]
21:30:42.325 [pool-1-thread-4] DEBUG org.apache.commons.beanutils.ConvertUtils - Convert string 'Test' to class 'java.lang.String'
21:30:42.326 [pool-1-thread-4] DEBUG org.apache.commons.beanutils.converters.StringConverter - Converting 'String' value 'Test' to type 'String'
SpaceShip(id=10, name=Mike, crew=1, launchdate=2019-07-24)
SpaceShip(id=11, name=Big Bottle, crew=134, launchdate=2017-05-24)
SpaceShip(id=12, name=Castle, crew=2435, launchdate=2018-07-21)
SpaceShip(id=13, name=Test, crew=2435, launchdate=2018-07-21)
]]></system-out>
  <system-err><![CDATA[SLF4J: A number (1272) of logging calls during the initialization phase have been intercepted and are
SLF4J: now being replayed. These are subject to the filtering rules of the underlying logging system.
SLF4J: See also http://www.slf4j.org/codes.html#replay
]]></system-err>
</testsuite>
